********************************************************************************
* Unified simulation Tcl App stack trace dump
*
* File: .usf.tcl_error.log (Wed Jan  3 16:09:26 2024)
*
* This file is generated by the unified simulation automation and contains the
* tcl stack trace of error returned by the simulator App for the current run.
*
********************************************************************************

    while executing
"source -encoding utf-8 [file join $TclLibDir clock.tcl]"
    (procedure "::tcl::clock::format" line 3)
    invoked from within
"clock format [clock seconds]"
    (procedure "xcs_write_script_header" line 6)
    invoked from within
"xcs_write_script_header $fh_scr "compile" "xsim""
    (procedure "usf_xsim_write_systemc_variables" line 33)
    invoked from within
"usf_xsim_write_systemc_variables $fh_scr"
    (procedure "usf_xsim_write_compile_script" line 50)
    invoked from within
"usf_xsim_write_compile_script scr_filename"
    (procedure "tclapp::xilinx::xsim::compile" line 10)
    invoked from within
"tclapp::xilinx::xsim::compile { -simset sim_1 -mode behavioral -run_dir D:/vlsi/project_4/project_4.sim/sim_1/behav/xsim -int_os_type 64 -int_debug_mo..."
