
*** Running vivado
    with args -log final.vds -m64 -product Vivado -mode batch -messageDb vivado.pb -notrace -source final.tcl



****** Vivado v2022.1 (64-bit)
  **** SW Build 3526262 on Mon Apr 18 15:48:16 MDT 2022
  **** IP Build 3524634 on Mon Apr 18 20:55:01 MDT 2022
    ** Copyright 1986-2022 Xilinx, Inc. All Rights Reserved.

source final.tcl -notrace
Command: synth_design -top final -part xc7z020clg400-1
Starting synth_design
Attempting to get a license for feature 'Synthesis' and/or device 'xc7z020'
INFO: [Common 17-349] Got license for feature 'Synthesis' and/or device 'xc7z020'
INFO: [Device 21-403] Loading part xc7z020clg400-1
INFO: [Synth 8-7079] Multithreading enabled for synth_design using a maximum of 2 processes.
INFO: [Synth 8-7078] Launching helper process for spawning children vivado processes
INFO: [Synth 8-7075] Helper process launched with PID 14556
---------------------------------------------------------------------------------
Starting RTL Elaboration : Time (s): cpu = 00:00:05 ; elapsed = 00:00:05 . Memory (MB): peak = 1278.496 ; gain = 0.000
---------------------------------------------------------------------------------
WARNING: [Synth 8-9112] actual for formal port 'in_signal' is neither a static name nor a globally static expression [D:/vlsi-projekat/project_4.srcs/sources_1/new/histogram_complete.vhd:206]
WARNING: [Synth 8-9112] actual for formal port 'reset' is neither a static name nor a globally static expression [D:/vlsi-projekat/project_4.srcs/sources_1/new/histogram_complete.vhd:207]
WARNING: [Synth 8-9112] actual for formal port 'dina' is neither a static name nor a globally static expression [D:/vlsi-projekat/project_4.srcs/sources_1/new/histogram_complete.vhd:231]
WARNING: [Synth 8-9112] actual for formal port 'wea' is neither a static name nor a globally static expression [D:/vlsi-projekat/project_4.srcs/sources_1/new/histogram_complete.vhd:233]
WARNING: [Synth 8-9112] actual for formal port 'ulaz1' is neither a static name nor a globally static expression [D:/vlsi-projekat/project_4.srcs/sources_1/new/sabiraci.vhd:38]
WARNING: [Synth 8-9112] actual for formal port 'ulaz2' is neither a static name nor a globally static expression [D:/vlsi-projekat/project_4.srcs/sources_1/new/sabiraci.vhd:39]
INFO: [Synth 8-638] synthesizing module 'final' [D:/vlsi-projekat/project_4.srcs/sources_1/new/final.vhd:11]
INFO: [Synth 8-3491] module 'kontroler' declared at 'D:/vlsi-projekat/project_4.srcs/sources_1/new/kontroler.vhd:4' bound to instance 'control' of component 'kontroler' [D:/vlsi-projekat/project_4.srcs/sources_1/new/final.vhd:48]
INFO: [Synth 8-638] synthesizing module 'kontroler' [D:/vlsi-projekat/project_4.srcs/sources_1/new/kontroler.vhd:18]
INFO: [Synth 8-256] done synthesizing module 'kontroler' (0#1) [D:/vlsi-projekat/project_4.srcs/sources_1/new/kontroler.vhd:18]
INFO: [Synth 8-3491] module 'histogram_complete' declared at 'D:/vlsi-projekat/project_4.srcs/sources_1/new/histogram_complete.vhd:4' bound to instance 'histogram' of component 'histogram_complete' [D:/vlsi-projekat/project_4.srcs/sources_1/new/final.vhd:60]
INFO: [Synth 8-638] synthesizing module 'histogram_complete' [D:/vlsi-projekat/project_4.srcs/sources_1/new/histogram_complete.vhd:18]
INFO: [Synth 8-3491] module 'registar_1bit' declared at 'D:/vlsi-projekat/project_4.srcs/sources_1/new/registar_1bit.vhd:3' bound to instance 'reg5' of component 'registar_1bit' [D:/vlsi-projekat/project_4.srcs/sources_1/new/histogram_complete.vhd:177]
INFO: [Synth 8-638] synthesizing module 'registar_1bit' [D:/vlsi-projekat/project_4.srcs/sources_1/new/registar_1bit.vhd:10]
INFO: [Synth 8-256] done synthesizing module 'registar_1bit' (0#1) [D:/vlsi-projekat/project_4.srcs/sources_1/new/registar_1bit.vhd:10]
INFO: [Synth 8-3491] module 'registar_1bit' declared at 'D:/vlsi-projekat/project_4.srcs/sources_1/new/registar_1bit.vhd:3' bound to instance 'reg6' of component 'registar_1bit' [D:/vlsi-projekat/project_4.srcs/sources_1/new/histogram_complete.vhd:182]
INFO: [Synth 8-3491] module 'registar_1bit' declared at 'D:/vlsi-projekat/project_4.srcs/sources_1/new/registar_1bit.vhd:3' bound to instance 'reg10' of component 'registar_1bit' [D:/vlsi-projekat/project_4.srcs/sources_1/new/histogram_complete.vhd:187]
INFO: [Synth 8-3491] module 'registar_1bit' declared at 'D:/vlsi-projekat/project_4.srcs/sources_1/new/registar_1bit.vhd:3' bound to instance 'reg8' of component 'registar_1bit' [D:/vlsi-projekat/project_4.srcs/sources_1/new/histogram_complete.vhd:193]
INFO: [Synth 8-3491] module 'klamper' declared at 'D:/vlsi-projekat/project_4.srcs/sources_1/new/klamper.vhd:4' bound to instance 'klamp' of component 'klamper' [D:/vlsi-projekat/project_4.srcs/sources_1/new/histogram_complete.vhd:200]
INFO: [Synth 8-638] synthesizing module 'klamper' [D:/vlsi-projekat/project_4.srcs/sources_1/new/klamper.vhd:10]
INFO: [Synth 8-256] done synthesizing module 'klamper' (0#1) [D:/vlsi-projekat/project_4.srcs/sources_1/new/klamper.vhd:10]
INFO: [Synth 8-3491] module 'counter_13bit' declared at 'D:/vlsi-projekat/project_4.srcs/sources_1/new/counter_13bit.vhd:4' bound to instance 'adresa' of component 'counter_13bit' [D:/vlsi-projekat/project_4.srcs/sources_1/new/histogram_complete.vhd:204]
INFO: [Synth 8-638] synthesizing module 'counter_13bit' [D:/vlsi-projekat/project_4.srcs/sources_1/new/counter_13bit.vhd:13]
INFO: [Synth 8-256] done synthesizing module 'counter_13bit' (0#1) [D:/vlsi-projekat/project_4.srcs/sources_1/new/counter_13bit.vhd:13]
INFO: [Synth 8-3491] module 'registar_1bit' declared at 'D:/vlsi-projekat/project_4.srcs/sources_1/new/registar_1bit.vhd:3' bound to instance 'reg16' of component 'registar_1bit' [D:/vlsi-projekat/project_4.srcs/sources_1/new/histogram_complete.vhd:220]
INFO: [Synth 8-3491] module 'im_ram_inst_example' declared at 'D:/vlsi-projekat/projekat_23_24/hdl/im_ram_inst.vhd:6' bound to instance 'slika' of component 'im_ram_inst_example' [D:/vlsi-projekat/project_4.srcs/sources_1/new/histogram_complete.vhd:226]
INFO: [Synth 8-638] synthesizing module 'im_ram_inst_example' [D:/vlsi-projekat/projekat_23_24/hdl/im_ram_inst.vhd:20]
INFO: [Synth 8-638] synthesizing module 'im_ram' [D:/vlsi-projekat/projekat_23_24/hdl/im_ram.vhd:28]
	Parameter G_RAM_WIDTH bound to: 8 - type: integer 
	Parameter G_RAM_DEPTH bound to: 8192 - type: integer 
	Parameter G_RAM_PERFORMANCE bound to: HIGH_PERFORMANCE - type: string 
	Parameter G_RAM_INIT_FILE bound to: lenaCorrupted0.dat - type: string 
INFO: [Synth 8-256] done synthesizing module 'im_ram' (0#1) [D:/vlsi-projekat/projekat_23_24/hdl/im_ram.vhd:28]
INFO: [Synth 8-638] synthesizing module 'im_ram__parameterized0' [D:/vlsi-projekat/projekat_23_24/hdl/im_ram.vhd:28]
	Parameter G_RAM_WIDTH bound to: 8 - type: integer 
	Parameter G_RAM_DEPTH bound to: 8192 - type: integer 
	Parameter G_RAM_PERFORMANCE bound to: HIGH_PERFORMANCE - type: string 
	Parameter G_RAM_INIT_FILE bound to: lenaCorrupted1.dat - type: string 
INFO: [Synth 8-256] done synthesizing module 'im_ram__parameterized0' (0#1) [D:/vlsi-projekat/projekat_23_24/hdl/im_ram.vhd:28]
INFO: [Synth 8-638] synthesizing module 'im_ram__parameterized1' [D:/vlsi-projekat/projekat_23_24/hdl/im_ram.vhd:28]
	Parameter G_RAM_WIDTH bound to: 8 - type: integer 
	Parameter G_RAM_DEPTH bound to: 8192 - type: integer 
	Parameter G_RAM_PERFORMANCE bound to: HIGH_PERFORMANCE - type: string 
	Parameter G_RAM_INIT_FILE bound to: lenaCorrupted2.dat - type: string 
INFO: [Synth 8-256] done synthesizing module 'im_ram__parameterized1' (0#1) [D:/vlsi-projekat/projekat_23_24/hdl/im_ram.vhd:28]
INFO: [Synth 8-638] synthesizing module 'im_ram__parameterized2' [D:/vlsi-projekat/projekat_23_24/hdl/im_ram.vhd:28]
	Parameter G_RAM_WIDTH bound to: 8 - type: integer 
	Parameter G_RAM_DEPTH bound to: 8192 - type: integer 
	Parameter G_RAM_PERFORMANCE bound to: HIGH_PERFORMANCE - type: string 
	Parameter G_RAM_INIT_FILE bound to: lenaCorrupted3.dat - type: string 
INFO: [Synth 8-256] done synthesizing module 'im_ram__parameterized2' (0#1) [D:/vlsi-projekat/projekat_23_24/hdl/im_ram.vhd:28]
INFO: [Synth 8-638] synthesizing module 'im_ram__parameterized3' [D:/vlsi-projekat/projekat_23_24/hdl/im_ram.vhd:28]
	Parameter G_RAM_WIDTH bound to: 8 - type: integer 
	Parameter G_RAM_DEPTH bound to: 8192 - type: integer 
	Parameter G_RAM_PERFORMANCE bound to: HIGH_PERFORMANCE - type: string 
	Parameter G_RAM_INIT_FILE bound to: lenaCorrupted4.dat - type: string 
INFO: [Synth 8-256] done synthesizing module 'im_ram__parameterized3' (0#1) [D:/vlsi-projekat/projekat_23_24/hdl/im_ram.vhd:28]
INFO: [Synth 8-638] synthesizing module 'im_ram__parameterized4' [D:/vlsi-projekat/projekat_23_24/hdl/im_ram.vhd:28]
	Parameter G_RAM_WIDTH bound to: 8 - type: integer 
	Parameter G_RAM_DEPTH bound to: 8192 - type: integer 
	Parameter G_RAM_PERFORMANCE bound to: HIGH_PERFORMANCE - type: string 
	Parameter G_RAM_INIT_FILE bound to: lenaCorrupted5.dat - type: string 
INFO: [Synth 8-256] done synthesizing module 'im_ram__parameterized4' (0#1) [D:/vlsi-projekat/projekat_23_24/hdl/im_ram.vhd:28]
INFO: [Synth 8-638] synthesizing module 'im_ram__parameterized5' [D:/vlsi-projekat/projekat_23_24/hdl/im_ram.vhd:28]
	Parameter G_RAM_WIDTH bound to: 8 - type: integer 
	Parameter G_RAM_DEPTH bound to: 8192 - type: integer 
	Parameter G_RAM_PERFORMANCE bound to: HIGH_PERFORMANCE - type: string 
	Parameter G_RAM_INIT_FILE bound to: lenaCorrupted6.dat - type: string 
INFO: [Synth 8-256] done synthesizing module 'im_ram__parameterized5' (0#1) [D:/vlsi-projekat/projekat_23_24/hdl/im_ram.vhd:28]
INFO: [Synth 8-638] synthesizing module 'im_ram__parameterized6' [D:/vlsi-projekat/projekat_23_24/hdl/im_ram.vhd:28]
	Parameter G_RAM_WIDTH bound to: 8 - type: integer 
	Parameter G_RAM_DEPTH bound to: 8192 - type: integer 
	Parameter G_RAM_PERFORMANCE bound to: HIGH_PERFORMANCE - type: string 
	Parameter G_RAM_INIT_FILE bound to: lenaCorrupted7.dat - type: string 
INFO: [Synth 8-256] done synthesizing module 'im_ram__parameterized6' (0#1) [D:/vlsi-projekat/projekat_23_24/hdl/im_ram.vhd:28]
INFO: [Synth 8-256] done synthesizing module 'im_ram_inst_example' (0#1) [D:/vlsi-projekat/projekat_23_24/hdl/im_ram_inst.vhd:20]
INFO: [Synth 8-3491] module 'edge_detector' declared at 'D:/vlsi-projekat/project_4.srcs/sources_1/imports/edge_detector.vhd:8' bound to instance 'diferencijator' of component 'edge_detector' [D:/vlsi-projekat/project_4.srcs/sources_1/new/histogram_complete.vhd:237]
INFO: [Synth 8-638] synthesizing module 'edge_detector' [D:/vlsi-projekat/project_4.srcs/sources_1/imports/edge_detector.vhd:16]
INFO: [Synth 8-256] done synthesizing module 'edge_detector' (0#1) [D:/vlsi-projekat/project_4.srcs/sources_1/imports/edge_detector.vhd:16]
INFO: [Synth 8-3491] module 'hist_ram' declared at 'D:/vlsi-projekat/project_4.srcs/sources_1/new/hist_ram.vhd:7' bound to instance 'histogram' of component 'hist_ram' [D:/vlsi-projekat/project_4.srcs/sources_1/new/histogram_complete.vhd:242]
INFO: [Synth 8-638] synthesizing module 'hist_ram' [D:/vlsi-projekat/project_4.srcs/sources_1/new/hist_ram.vhd:21]
INFO: [Synth 8-638] synthesizing module 'hist_ram_block' [D:/vlsi-projekat/project_4.srcs/sources_1/new/hist_ram_block.vhd:28]
	Parameter G_RAM_WIDTH bound to: 13 - type: integer 
	Parameter G_RAM_DEPTH bound to: 2097152 - type: integer 
	Parameter G_RAM_PERFORMANCE bound to: HIGH_PERFORMANCE - type: string 
INFO: [Synth 8-256] done synthesizing module 'hist_ram_block' (0#1) [D:/vlsi-projekat/project_4.srcs/sources_1/new/hist_ram_block.vhd:28]
INFO: [Synth 8-256] done synthesizing module 'hist_ram' (0#1) [D:/vlsi-projekat/project_4.srcs/sources_1/new/hist_ram.vhd:21]
INFO: [Synth 8-3491] module 'registar_1bit' declared at 'D:/vlsi-projekat/project_4.srcs/sources_1/new/registar_1bit.vhd:3' bound to instance 'reg1' of component 'registar_1bit' [D:/vlsi-projekat/project_4.srcs/sources_1/new/histogram_complete.vhd:253]
INFO: [Synth 8-3491] module 'registar_1bit' declared at 'D:/vlsi-projekat/project_4.srcs/sources_1/new/registar_1bit.vhd:3' bound to instance 'reg7' of component 'registar_1bit' [D:/vlsi-projekat/project_4.srcs/sources_1/new/histogram_complete.vhd:258]
INFO: [Synth 8-3491] module 'registar_1bit' declared at 'D:/vlsi-projekat/project_4.srcs/sources_1/new/registar_1bit.vhd:3' bound to instance 'reg2' of component 'registar_1bit' [D:/vlsi-projekat/project_4.srcs/sources_1/new/histogram_complete.vhd:263]
INFO: [Synth 8-3491] module 'registar_1bit' declared at 'D:/vlsi-projekat/project_4.srcs/sources_1/new/registar_1bit.vhd:3' bound to instance 'reg12' of component 'registar_1bit' [D:/vlsi-projekat/project_4.srcs/sources_1/new/histogram_complete.vhd:268]
INFO: [Synth 8-3491] module 'registar_1bit' declared at 'D:/vlsi-projekat/project_4.srcs/sources_1/new/registar_1bit.vhd:3' bound to instance 'reg3' of component 'registar_1bit' [D:/vlsi-projekat/project_4.srcs/sources_1/new/histogram_complete.vhd:273]
INFO: [Synth 8-3491] module 'registar_8bit' declared at 'D:/vlsi-projekat/project_4.srcs/sources_1/new/registar_8bit.vhd:3' bound to instance 'reg4' of component 'registar_8bit' [D:/vlsi-projekat/project_4.srcs/sources_1/new/histogram_complete.vhd:278]
INFO: [Synth 8-638] synthesizing module 'registar_8bit' [D:/vlsi-projekat/project_4.srcs/sources_1/new/registar_8bit.vhd:10]
INFO: [Synth 8-256] done synthesizing module 'registar_8bit' (0#1) [D:/vlsi-projekat/project_4.srcs/sources_1/new/registar_8bit.vhd:10]
INFO: [Synth 8-3491] module 'registar_1bit' declared at 'D:/vlsi-projekat/project_4.srcs/sources_1/new/registar_1bit.vhd:3' bound to instance 'reg9' of component 'registar_1bit' [D:/vlsi-projekat/project_4.srcs/sources_1/new/histogram_complete.vhd:283]
INFO: [Synth 8-3491] module 'registar_1bit' declared at 'D:/vlsi-projekat/project_4.srcs/sources_1/new/registar_1bit.vhd:3' bound to instance 'reg13' of component 'registar_1bit' [D:/vlsi-projekat/project_4.srcs/sources_1/new/histogram_complete.vhd:288]
INFO: [Synth 8-3491] module 'registar_1bit' declared at 'D:/vlsi-projekat/project_4.srcs/sources_1/new/registar_1bit.vhd:3' bound to instance 'reg14' of component 'registar_1bit' [D:/vlsi-projekat/project_4.srcs/sources_1/new/histogram_complete.vhd:293]
INFO: [Synth 8-3491] module 'registar_1bit' declared at 'D:/vlsi-projekat/project_4.srcs/sources_1/new/registar_1bit.vhd:3' bound to instance 'reg15' of component 'registar_1bit' [D:/vlsi-projekat/project_4.srcs/sources_1/new/histogram_complete.vhd:298]
INFO: [Synth 8-3491] module 'registar_1bit' declared at 'D:/vlsi-projekat/project_4.srcs/sources_1/new/registar_1bit.vhd:3' bound to instance 'reg18' of component 'registar_1bit' [D:/vlsi-projekat/project_4.srcs/sources_1/new/histogram_complete.vhd:303]
INFO: [Synth 8-3491] module 'registar_1bit' declared at 'D:/vlsi-projekat/project_4.srcs/sources_1/new/registar_1bit.vhd:3' bound to instance 'reg17' of component 'registar_1bit' [D:/vlsi-projekat/project_4.srcs/sources_1/new/histogram_complete.vhd:308]
INFO: [Synth 8-3491] module 'counter_13bit' declared at 'D:/vlsi-projekat/project_4.srcs/sources_1/new/counter_13bit.vhd:4' bound to instance 'hist_count' of component 'counter_13bit' [D:/vlsi-projekat/project_4.srcs/sources_1/new/histogram_complete.vhd:313]
INFO: [Synth 8-3491] module 'brojaci' declared at 'D:/vlsi-projekat/project_4.srcs/sources_1/new/brojaci2.vhd:5' bound to instance 'inkrementers' of component 'brojaci' [D:/vlsi-projekat/project_4.srcs/sources_1/new/histogram_complete.vhd:320]
INFO: [Synth 8-638] synthesizing module 'brojaci' [D:/vlsi-projekat/project_4.srcs/sources_1/new/brojaci2.vhd:14]
INFO: [Synth 8-638] synthesizing module 'inkrementer' [D:/vlsi-projekat/project_4.srcs/sources_1/new/brojaci.vhd:13]
INFO: [Synth 8-3491] module 'registar_8bit_real' declared at 'D:/vlsi-projekat/project_4.srcs/sources_1/new/registar_8bit_real.vhd:3' bound to instance 'reg1' of component 'registar_8bit_real' [D:/vlsi-projekat/project_4.srcs/sources_1/new/brojaci.vhd:42]
INFO: [Synth 8-638] synthesizing module 'registar_8bit_real' [D:/vlsi-projekat/project_4.srcs/sources_1/new/registar_8bit_real.vhd:10]
INFO: [Synth 8-256] done synthesizing module 'registar_8bit_real' (0#1) [D:/vlsi-projekat/project_4.srcs/sources_1/new/registar_8bit_real.vhd:10]
INFO: [Synth 8-3491] module 'registar_8bit_real' declared at 'D:/vlsi-projekat/project_4.srcs/sources_1/new/registar_8bit_real.vhd:3' bound to instance 'reg2' of component 'registar_8bit_real' [D:/vlsi-projekat/project_4.srcs/sources_1/new/brojaci.vhd:47]
INFO: [Synth 8-3491] module 'registar_1bit' declared at 'D:/vlsi-projekat/project_4.srcs/sources_1/new/registar_1bit.vhd:3' bound to instance 'reg3' of component 'registar_1bit' [D:/vlsi-projekat/project_4.srcs/sources_1/new/brojaci.vhd:52]
INFO: [Synth 8-256] done synthesizing module 'inkrementer' (0#1) [D:/vlsi-projekat/project_4.srcs/sources_1/new/brojaci.vhd:13]
INFO: [Synth 8-256] done synthesizing module 'brojaci' (0#1) [D:/vlsi-projekat/project_4.srcs/sources_1/new/brojaci2.vhd:14]
INFO: [Synth 8-3491] module 'registar_1bit' declared at 'D:/vlsi-projekat/project_4.srcs/sources_1/new/registar_1bit.vhd:3' bound to instance 'reg11' of component 'registar_1bit' [D:/vlsi-projekat/project_4.srcs/sources_1/new/histogram_complete.vhd:327]
INFO: [Synth 8-3491] module 'registar_13bit' declared at 'D:/vlsi-projekat/project_4.srcs/sources_1/new/registar_13bit.vhd:3' bound to instance 'hist19' of component 'registar_13bit' [D:/vlsi-projekat/project_4.srcs/sources_1/new/histogram_complete.vhd:332]
INFO: [Synth 8-638] synthesizing module 'registar_13bit' [D:/vlsi-projekat/project_4.srcs/sources_1/new/registar_13bit.vhd:10]
INFO: [Synth 8-256] done synthesizing module 'registar_13bit' (0#1) [D:/vlsi-projekat/project_4.srcs/sources_1/new/registar_13bit.vhd:10]
INFO: [Synth 8-3491] module 'counter_8bit' declared at 'D:/vlsi-projekat/project_4.srcs/sources_1/new/kum_brojac.vhd:4' bound to instance 'kum_brojac' of component 'counter_8bit' [D:/vlsi-projekat/project_4.srcs/sources_1/new/histogram_complete.vhd:338]
INFO: [Synth 8-638] synthesizing module 'counter_8bit' [D:/vlsi-projekat/project_4.srcs/sources_1/new/kum_brojac.vhd:12]
INFO: [Synth 8-256] done synthesizing module 'counter_8bit' (0#1) [D:/vlsi-projekat/project_4.srcs/sources_1/new/kum_brojac.vhd:12]
INFO: [Synth 8-3491] module 'sabiraci' declared at 'D:/vlsi-projekat/project_4.srcs/sources_1/new/sabiraci.vhd:5' bound to instance 'sabiraci_kumul' of component 'sabiraci' [D:/vlsi-projekat/project_4.srcs/sources_1/new/histogram_complete.vhd:344]
INFO: [Synth 8-638] synthesizing module 'sabiraci' [D:/vlsi-projekat/project_4.srcs/sources_1/new/sabiraci.vhd:14]
INFO: [Synth 8-3491] module 'edge_detector' declared at 'D:/vlsi-projekat/project_4.srcs/sources_1/imports/edge_detector.vhd:8' bound to instance 'diferencijator' of component 'edge_detector' [D:/vlsi-projekat/project_4.srcs/sources_1/new/sabiraci.vhd:30]
INFO: [Synth 8-638] synthesizing module 'sabirac' [D:/vlsi-projekat/project_4.srcs/sources_1/new/sabirac.vhd:12]
INFO: [Synth 8-256] done synthesizing module 'sabirac' (0#1) [D:/vlsi-projekat/project_4.srcs/sources_1/new/sabirac.vhd:12]
INFO: [Synth 8-638] synthesizing module 'registar' [D:/vlsi-projekat/project_4.srcs/sources_1/new/registar.vhd:11]
INFO: [Synth 8-256] done synthesizing module 'registar' (0#1) [D:/vlsi-projekat/project_4.srcs/sources_1/new/registar.vhd:11]
INFO: [Synth 8-256] done synthesizing module 'sabiraci' (0#1) [D:/vlsi-projekat/project_4.srcs/sources_1/new/sabiraci.vhd:14]
INFO: [Synth 8-256] done synthesizing module 'histogram_complete' (0#1) [D:/vlsi-projekat/project_4.srcs/sources_1/new/histogram_complete.vhd:18]
INFO: [Synth 8-256] done synthesizing module 'final' (0#1) [D:/vlsi-projekat/project_4.srcs/sources_1/new/final.vhd:11]
WARNING: [Synth 8-6014] Unused sequential element state_reg_reg was removed.  [D:/vlsi-projekat/project_4.srcs/sources_1/new/kontroler.vhd:28]
WARNING: [Synth 8-6014] Unused sequential element next_state_reg was removed.  [D:/vlsi-projekat/project_4.srcs/sources_1/new/kontroler.vhd:30]
WARNING: [Synth 8-7129] Port kraj in module kontroler is either unconnected or has no load
---------------------------------------------------------------------------------
Finished RTL Elaboration : Time (s): cpu = 00:00:38 ; elapsed = 00:00:40 . Memory (MB): peak = 3607.520 ; gain = 2329.023
---------------------------------------------------------------------------------
---------------------------------------------------------------------------------
Start Handling Custom Attributes
---------------------------------------------------------------------------------
---------------------------------------------------------------------------------
Finished Handling Custom Attributes : Time (s): cpu = 00:00:38 ; elapsed = 00:00:40 . Memory (MB): peak = 3607.520 ; gain = 2329.023
---------------------------------------------------------------------------------
---------------------------------------------------------------------------------
Finished RTL Optimization Phase 1 : Time (s): cpu = 00:00:38 ; elapsed = 00:00:40 . Memory (MB): peak = 3607.520 ; gain = 2329.023
---------------------------------------------------------------------------------
Netlist sorting complete. Time (s): cpu = 00:00:00 ; elapsed = 00:00:00.032 . Memory (MB): peak = 3607.520 ; gain = 0.000
INFO: [Project 1-570] Preparing netlist for logic optimization

Processing XDC Constraints
Initializing timing engine
Parsing XDC File [D:/vlsi-projekat/project_4.srcs/constrs_1/new/clock_constraints.xdc]
Finished Parsing XDC File [D:/vlsi-projekat/project_4.srcs/constrs_1/new/clock_constraints.xdc]
Completed Processing XDC Constraints

Netlist sorting complete. Time (s): cpu = 00:00:00 ; elapsed = 00:00:00.001 . Memory (MB): peak = 3607.520 ; gain = 0.000
INFO: [Project 1-111] Unisim Transformation Summary:
No Unisim elements were transformed.

Constraint Validation Runtime : Time (s): cpu = 00:00:00 ; elapsed = 00:00:00.017 . Memory (MB): peak = 3607.520 ; gain = 0.000
---------------------------------------------------------------------------------
Finished Constraint Validation : Time (s): cpu = 00:00:50 ; elapsed = 00:00:52 . Memory (MB): peak = 3607.520 ; gain = 2329.023
---------------------------------------------------------------------------------
---------------------------------------------------------------------------------
Start Loading Part and Timing Information
---------------------------------------------------------------------------------
Loading part: xc7z020clg400-1
---------------------------------------------------------------------------------
Finished Loading Part and Timing Information : Time (s): cpu = 00:00:50 ; elapsed = 00:00:52 . Memory (MB): peak = 3607.520 ; gain = 2329.023
---------------------------------------------------------------------------------
---------------------------------------------------------------------------------
Start Applying 'set_property' XDC Constraints
---------------------------------------------------------------------------------
---------------------------------------------------------------------------------
Finished applying 'set_property' XDC Constraints : Time (s): cpu = 00:00:50 ; elapsed = 00:00:52 . Memory (MB): peak = 3607.520 ; gain = 2329.023
---------------------------------------------------------------------------------
INFO: [Synth 8-802] inferred FSM for state register 'state_reg_reg' in module 'edge_detector'
---------------------------------------------------------------------------------------------------
                   State |                     New Encoding |                Previous Encoding 
---------------------------------------------------------------------------------------------------
                  stidle |                               00 |                               00
                  stedge |                               01 |                               01
                  stwait |                               10 |                               10
---------------------------------------------------------------------------------------------------
INFO: [Synth 8-3354] encoded FSM with state register 'state_reg_reg' using encoding 'sequential' in module 'edge_detector'
---------------------------------------------------------------------------------
Finished RTL Optimization Phase 2 : Time (s): cpu = 00:00:56 ; elapsed = 00:01:00 . Memory (MB): peak = 3607.520 ; gain = 2329.023
---------------------------------------------------------------------------------
---------------------------------------------------------------------------------
Start RTL Component Statistics 
---------------------------------------------------------------------------------
Detailed RTL Component Info : 
+---Adders : 
	   2 Input   17 Bit       Adders := 8     
	   2 Input   13 Bit       Adders := 18    
	   2 Input    8 Bit       Adders := 2     
+---Registers : 
	              104 Bit    Registers := 1     
	               64 Bit    Registers := 2     
	               17 Bit    Registers := 1     
	               13 Bit    Registers := 37    
	                8 Bit    Registers := 51    
	                1 Bit    Registers := 33    
+---RAMs : 
	              64K Bit	(8192 X 8 bit)          RAMs := 8     
	               3K Bit	(256 X 13 bit)          RAMs := 8     
+---Muxes : 
	   2 Input  104 Bit        Muxes := 2     
	   2 Input   64 Bit        Muxes := 1     
	   2 Input   17 Bit        Muxes := 9     
	   2 Input   13 Bit        Muxes := 3     
	   2 Input    8 Bit        Muxes := 1     
	   3 Input    2 Bit        Muxes := 2     
	   2 Input    2 Bit        Muxes := 6     
	   2 Input    1 Bit        Muxes := 6     
---------------------------------------------------------------------------------
Finished RTL Component Statistics 
---------------------------------------------------------------------------------
---------------------------------------------------------------------------------
Start Part Resource Summary
---------------------------------------------------------------------------------
Part Resources:
DSPs: 220 (col length:60)
BRAMs: 280 (col length: RAMB18 60 RAMB36 30)
---------------------------------------------------------------------------------
Finished Part Resource Summary
---------------------------------------------------------------------------------
---------------------------------------------------------------------------------
Start Cross Boundary and Area Optimization
---------------------------------------------------------------------------------
WARNING: [Synth 8-7080] Parallel synthesis criteria is not met
WARNING: [Synth 8-3332] Sequential element (histogram/sabiraci_kumul/diferencijator/FSM_sequential_state_reg_reg[1]) is unused and will be removed from module final.
WARNING: [Synth 8-3332] Sequential element (histogram/sabiraci_kumul/diferencijator/FSM_sequential_state_reg_reg[0]) is unused and will be removed from module final.
---------------------------------------------------------------------------------
Finished Cross Boundary and Area Optimization : Time (s): cpu = 00:01:17 ; elapsed = 00:01:23 . Memory (MB): peak = 6671.246 ; gain = 5392.750
---------------------------------------------------------------------------------
---------------------------------------------------------------------------------
Start ROM, RAM, DSP, Shift Register and Retiming Reporting
---------------------------------------------------------------------------------

Block RAM: Preliminary Mapping Report (see note below)
+------------+-----------------------------------------------------+------------------------+---+---+------------------------+---+---+------------------+--------+--------+
|Module Name | RTL Object                                          | PORT A (Depth x Width) | W | R | PORT B (Depth x Width) | W | R | Ports driving FF | RAMB18 | RAMB36 | 
+------------+-----------------------------------------------------+------------------------+---+---+------------------------+---+---+------------------+--------+--------+
|final       | histogram/slika/IM_MEMS[0].IM_MEMi/ram_name_reg     | 8 K x 8(READ_FIRST)    | W |   | 8 K x 8(WRITE_FIRST)   |   | R | Port A and B     | 0      | 2      | 
|final       | histogram/slika/IM_MEMS[1].IM_MEMi/ram_name_reg     | 8 K x 8(READ_FIRST)    | W |   | 8 K x 8(WRITE_FIRST)   |   | R | Port A and B     | 0      | 2      | 
|final       | histogram/slika/IM_MEMS[2].IM_MEMi/ram_name_reg     | 8 K x 8(READ_FIRST)    | W |   | 8 K x 8(WRITE_FIRST)   |   | R | Port A and B     | 0      | 2      | 
|final       | histogram/slika/IM_MEMS[3].IM_MEMi/ram_name_reg     | 8 K x 8(READ_FIRST)    | W |   | 8 K x 8(WRITE_FIRST)   |   | R | Port A and B     | 0      | 2      | 
|final       | histogram/slika/IM_MEMS[4].IM_MEMi/ram_name_reg     | 8 K x 8(READ_FIRST)    | W |   | 8 K x 8(WRITE_FIRST)   |   | R | Port A and B     | 0      | 2      | 
|final       | histogram/slika/IM_MEMS[5].IM_MEMi/ram_name_reg     | 8 K x 8(READ_FIRST)    | W |   | 8 K x 8(WRITE_FIRST)   |   | R | Port A and B     | 0      | 2      | 
|final       | histogram/slika/IM_MEMS[6].IM_MEMi/ram_name_reg     | 8 K x 8(READ_FIRST)    | W |   | 8 K x 8(WRITE_FIRST)   |   | R | Port A and B     | 0      | 2      | 
|final       | histogram/slika/IM_MEMS[7].IM_MEMi/ram_name_reg     | 8 K x 8(READ_FIRST)    | W |   | 8 K x 8(WRITE_FIRST)   |   | R | Port A and B     | 0      | 2      | 
|final       | histogram/histogram/IM_MEMS[0].IM_MEMi/ram_name_reg | 256 x 13(READ_FIRST)   | W |   | 256 x 13(WRITE_FIRST)  |   | R | Port A and B     | 1      | 0      | 
|final       | histogram/histogram/IM_MEMS[1].IM_MEMi/ram_name_reg | 256 x 13(READ_FIRST)   | W |   | 256 x 13(WRITE_FIRST)  |   | R | Port A and B     | 1      | 0      | 
|final       | histogram/histogram/IM_MEMS[2].IM_MEMi/ram_name_reg | 256 x 13(READ_FIRST)   | W |   | 256 x 13(WRITE_FIRST)  |   | R | Port A and B     | 1      | 0      | 
|final       | histogram/histogram/IM_MEMS[3].IM_MEMi/ram_name_reg | 256 x 13(READ_FIRST)   | W |   | 256 x 13(WRITE_FIRST)  |   | R | Port A and B     | 1      | 0      | 
|final       | histogram/histogram/IM_MEMS[4].IM_MEMi/ram_name_reg | 256 x 13(READ_FIRST)   | W |   | 256 x 13(WRITE_FIRST)  |   | R | Port A and B     | 1      | 0      | 
|final       | histogram/histogram/IM_MEMS[5].IM_MEMi/ram_name_reg | 256 x 13(READ_FIRST)   | W |   | 256 x 13(WRITE_FIRST)  |   | R | Port A and B     | 1      | 0      | 
|final       | histogram/histogram/IM_MEMS[6].IM_MEMi/ram_name_reg | 256 x 13(READ_FIRST)   | W |   | 256 x 13(WRITE_FIRST)  |   | R | Port A and B     | 1      | 0      | 
|final       | histogram/histogram/IM_MEMS[7].IM_MEMi/ram_name_reg | 256 x 13(READ_FIRST)   | W |   | 256 x 13(WRITE_FIRST)  |   | R | Port A and B     | 1      | 0      | 
+------------+-----------------------------------------------------+------------------------+---+---+------------------------+---+---+------------------+--------+--------+

Note: The table above is a preliminary report that shows the Block RAMs at the current stage of the synthesis flow. Some Block RAMs may be reimplemented as non Block RAM primitives later in the synthesis flow. Multiple instantiated Block RAMs are reported only once. 
---------------------------------------------------------------------------------
Finished ROM, RAM, DSP, Shift Register and Retiming Reporting
---------------------------------------------------------------------------------
---------------------------------------------------------------------------------
Start Applying XDC Timing Constraints
---------------------------------------------------------------------------------
---------------------------------------------------------------------------------
Finished Applying XDC Timing Constraints : Time (s): cpu = 00:01:23 ; elapsed = 00:01:29 . Memory (MB): peak = 6671.246 ; gain = 5392.750
---------------------------------------------------------------------------------
---------------------------------------------------------------------------------
Start Timing Optimization
---------------------------------------------------------------------------------
---------------------------------------------------------------------------------
Finished Timing Optimization : Time (s): cpu = 00:01:24 ; elapsed = 00:01:30 . Memory (MB): peak = 6671.246 ; gain = 5392.750
---------------------------------------------------------------------------------
---------------------------------------------------------------------------------
Start ROM, RAM, DSP, Shift Register and Retiming Reporting
---------------------------------------------------------------------------------

Block RAM: Final Mapping Report
+------------+-----------------------------------------------------+------------------------+---+---+------------------------+---+---+------------------+--------+--------+
|Module Name | RTL Object                                          | PORT A (Depth x Width) | W | R | PORT B (Depth x Width) | W | R | Ports driving FF | RAMB18 | RAMB36 | 
+------------+-----------------------------------------------------+------------------------+---+---+------------------------+---+---+------------------+--------+--------+
|final       | histogram/slika/IM_MEMS[0].IM_MEMi/ram_name_reg     | 8 K x 8(READ_FIRST)    | W |   | 8 K x 8(WRITE_FIRST)   |   | R | Port A and B     | 0      | 2      | 
|final       | histogram/slika/IM_MEMS[1].IM_MEMi/ram_name_reg     | 8 K x 8(READ_FIRST)    | W |   | 8 K x 8(WRITE_FIRST)   |   | R | Port A and B     | 0      | 2      | 
|final       | histogram/slika/IM_MEMS[2].IM_MEMi/ram_name_reg     | 8 K x 8(READ_FIRST)    | W |   | 8 K x 8(WRITE_FIRST)   |   | R | Port A and B     | 0      | 2      | 
|final       | histogram/slika/IM_MEMS[3].IM_MEMi/ram_name_reg     | 8 K x 8(READ_FIRST)    | W |   | 8 K x 8(WRITE_FIRST)   |   | R | Port A and B     | 0      | 2      | 
|final       | histogram/slika/IM_MEMS[4].IM_MEMi/ram_name_reg     | 8 K x 8(READ_FIRST)    | W |   | 8 K x 8(WRITE_FIRST)   |   | R | Port A and B     | 0      | 2      | 
|final       | histogram/slika/IM_MEMS[5].IM_MEMi/ram_name_reg     | 8 K x 8(READ_FIRST)    | W |   | 8 K x 8(WRITE_FIRST)   |   | R | Port A and B     | 0      | 2      | 
|final       | histogram/slika/IM_MEMS[6].IM_MEMi/ram_name_reg     | 8 K x 8(READ_FIRST)    | W |   | 8 K x 8(WRITE_FIRST)   |   | R | Port A and B     | 0      | 2      | 
|final       | histogram/slika/IM_MEMS[7].IM_MEMi/ram_name_reg     | 8 K x 8(READ_FIRST)    | W |   | 8 K x 8(WRITE_FIRST)   |   | R | Port A and B     | 0      | 2      | 
|final       | histogram/histogram/IM_MEMS[0].IM_MEMi/ram_name_reg | 256 x 13(READ_FIRST)   | W |   | 256 x 13(WRITE_FIRST)  |   | R | Port A and B     | 1      | 0      | 
|final       | histogram/histogram/IM_MEMS[1].IM_MEMi/ram_name_reg | 256 x 13(READ_FIRST)   | W |   | 256 x 13(WRITE_FIRST)  |   | R | Port A and B     | 1      | 0      | 
|final       | histogram/histogram/IM_MEMS[2].IM_MEMi/ram_name_reg | 256 x 13(READ_FIRST)   | W |   | 256 x 13(WRITE_FIRST)  |   | R | Port A and B     | 1      | 0      | 
|final       | histogram/histogram/IM_MEMS[3].IM_MEMi/ram_name_reg | 256 x 13(READ_FIRST)   | W |   | 256 x 13(WRITE_FIRST)  |   | R | Port A and B     | 1      | 0      | 
|final       | histogram/histogram/IM_MEMS[4].IM_MEMi/ram_name_reg | 256 x 13(READ_FIRST)   | W |   | 256 x 13(WRITE_FIRST)  |   | R | Port A and B     | 1      | 0      | 
|final       | histogram/histogram/IM_MEMS[5].IM_MEMi/ram_name_reg | 256 x 13(READ_FIRST)   | W |   | 256 x 13(WRITE_FIRST)  |   | R | Port A and B     | 1      | 0      | 
|final       | histogram/histogram/IM_MEMS[6].IM_MEMi/ram_name_reg | 256 x 13(READ_FIRST)   | W |   | 256 x 13(WRITE_FIRST)  |   | R | Port A and B     | 1      | 0      | 
|final       | histogram/histogram/IM_MEMS[7].IM_MEMi/ram_name_reg | 256 x 13(READ_FIRST)   | W |   | 256 x 13(WRITE_FIRST)  |   | R | Port A and B     | 1      | 0      | 
+------------+-----------------------------------------------------+------------------------+---+---+------------------------+---+---+------------------+--------+--------+

---------------------------------------------------------------------------------
Finished ROM, RAM, DSP, Shift Register and Retiming Reporting
---------------------------------------------------------------------------------
---------------------------------------------------------------------------------
Start Technology Mapping
---------------------------------------------------------------------------------
---------------------------------------------------------------------------------
Finished Technology Mapping : Time (s): cpu = 00:01:27 ; elapsed = 00:01:34 . Memory (MB): peak = 6671.246 ; gain = 5392.750
---------------------------------------------------------------------------------
---------------------------------------------------------------------------------
Start IO Insertion
---------------------------------------------------------------------------------
---------------------------------------------------------------------------------
Start Flattening Before IO Insertion
---------------------------------------------------------------------------------
---------------------------------------------------------------------------------
Finished Flattening Before IO Insertion
---------------------------------------------------------------------------------
---------------------------------------------------------------------------------
Start Final Netlist Cleanup
---------------------------------------------------------------------------------
---------------------------------------------------------------------------------
Finished Final Netlist Cleanup
---------------------------------------------------------------------------------
---------------------------------------------------------------------------------
Finished IO Insertion : Time (s): cpu = 00:01:32 ; elapsed = 00:01:39 . Memory (MB): peak = 6671.246 ; gain = 5392.750
---------------------------------------------------------------------------------
---------------------------------------------------------------------------------
Start Renaming Generated Instances
---------------------------------------------------------------------------------
---------------------------------------------------------------------------------
Finished Renaming Generated Instances : Time (s): cpu = 00:01:32 ; elapsed = 00:01:39 . Memory (MB): peak = 6671.246 ; gain = 5392.750
---------------------------------------------------------------------------------
---------------------------------------------------------------------------------
Start Rebuilding User Hierarchy
---------------------------------------------------------------------------------
---------------------------------------------------------------------------------
Finished Rebuilding User Hierarchy : Time (s): cpu = 00:01:32 ; elapsed = 00:01:39 . Memory (MB): peak = 6671.246 ; gain = 5392.750
---------------------------------------------------------------------------------
---------------------------------------------------------------------------------
Start Renaming Generated Ports
---------------------------------------------------------------------------------
---------------------------------------------------------------------------------
Finished Renaming Generated Ports : Time (s): cpu = 00:01:32 ; elapsed = 00:01:39 . Memory (MB): peak = 6671.246 ; gain = 5392.750
---------------------------------------------------------------------------------
---------------------------------------------------------------------------------
Start Handling Custom Attributes
---------------------------------------------------------------------------------
---------------------------------------------------------------------------------
Finished Handling Custom Attributes : Time (s): cpu = 00:01:32 ; elapsed = 00:01:39 . Memory (MB): peak = 6671.246 ; gain = 5392.750
---------------------------------------------------------------------------------
---------------------------------------------------------------------------------
Start Renaming Generated Nets
---------------------------------------------------------------------------------
---------------------------------------------------------------------------------
Finished Renaming Generated Nets : Time (s): cpu = 00:01:32 ; elapsed = 00:01:39 . Memory (MB): peak = 6671.246 ; gain = 5392.750
---------------------------------------------------------------------------------
---------------------------------------------------------------------------------
Start ROM, RAM, DSP, Shift Register and Retiming Reporting
---------------------------------------------------------------------------------

Static Shift Register Report:
+------------+----------------------------+--------+-------+--------------+--------------------+-------------------+--------+---------+
|Module Name | RTL Name                   | Length | Width | Reset Signal | Pull out first Reg | Pull out last Reg | SRL16E | SRLC32E | 
+------------+----------------------------+--------+-------+--------------+--------------------+-------------------+--------+---------+
|final       | histogram/reg12/output_reg | 4      | 1     | NO           | NO                 | YES               | 1      | 0       | 
|final       | histogram/reg13/output_reg | 4      | 1     | NO           | NO                 | YES               | 1      | 0       | 
|final       | histogram/reg9/output_reg  | 4      | 1     | NO           | NO                 | YES               | 1      | 0       | 
|final       | histogram/reg17/output_reg | 4      | 1     | NO           | NO                 | YES               | 1      | 0       | 
+------------+----------------------------+--------+-------+--------------+--------------------+-------------------+--------+---------+

---------------------------------------------------------------------------------
Finished ROM, RAM, DSP, Shift Register and Retiming Reporting
---------------------------------------------------------------------------------
---------------------------------------------------------------------------------
Start Writing Synthesis Report
---------------------------------------------------------------------------------

Report BlackBoxes: 
+-+--------------+----------+
| |BlackBox name |Instances |
+-+--------------+----------+
+-+--------------+----------+

Report Cell Usage: 
+------+---------+------+
|      |Cell     |Count |
+------+---------+------+
|1     |BUFG     |     1|
|2     |CARRY4   |    95|
|3     |LUT1     |    12|
|4     |LUT2     |   175|
|5     |LUT3     |    99|
|6     |LUT4     |    69|
|7     |LUT5     |    20|
|8     |LUT6     |    51|
|9     |RAMB18E1 |     8|
|10    |RAMB36E1 |    16|
|26    |SRL16E   |     4|
|27    |FDRE     |   731|
|28    |FDSE     |    64|
|29    |IBUF     |     3|
|30    |OBUF     |    64|
+------+---------+------+
---------------------------------------------------------------------------------
Finished Writing Synthesis Report : Time (s): cpu = 00:01:32 ; elapsed = 00:01:39 . Memory (MB): peak = 6671.246 ; gain = 5392.750
---------------------------------------------------------------------------------
Synthesis finished with 0 errors, 0 critical warnings and 3 warnings.
Synthesis Optimization Runtime : Time (s): cpu = 00:00:51 ; elapsed = 00:01:36 . Memory (MB): peak = 6671.246 ; gain = 5392.750
Synthesis Optimization Complete : Time (s): cpu = 00:01:32 ; elapsed = 00:01:39 . Memory (MB): peak = 6671.246 ; gain = 5392.750
INFO: [Project 1-571] Translating synthesized netlist
Netlist sorting complete. Time (s): cpu = 00:00:01 ; elapsed = 00:00:00.042 . Memory (MB): peak = 6671.246 ; gain = 0.000
INFO: [Netlist 29-17] Analyzing 119 Unisim elements for replacement
INFO: [Netlist 29-28] Unisim Transformation completed in 0 CPU seconds
INFO: [Project 1-570] Preparing netlist for logic optimization
INFO: [Opt 31-138] Pushed 0 inverter(s) to 0 load pin(s).
Netlist sorting complete. Time (s): cpu = 00:00:00 ; elapsed = 00:00:00 . Memory (MB): peak = 6671.246 ; gain = 0.000
INFO: [Project 1-111] Unisim Transformation Summary:
No Unisim elements were transformed.

Synth Design complete, checksum: 946afeaf
INFO: [Common 17-83] Releasing license: Synthesis
104 Infos, 12 Warnings, 0 Critical Warnings and 0 Errors encountered.
synth_design completed successfully
synth_design: Time (s): cpu = 00:01:37 ; elapsed = 00:01:46 . Memory (MB): peak = 6671.246 ; gain = 5392.750
INFO: [Common 17-1381] The checkpoint 'D:/vlsi-projekat/project_4.runs/synth_1/final.dcp' has been generated.
INFO: [runtcl-4] Executing : report_utilization -file final_utilization_synth.rpt -pb final_utilization_synth.pb
INFO: [Common 17-206] Exiting Vivado at Mon Jan 15 21:56:39 2024...
